<?xml version="1.0" encoding="UTF-8"?>
<!-- Generated by org.testng.reporters.JUnitReportReporter -->
<testsuite skipped="0" hostname="micromax-Latitude-3550" name="CalculatorAPIProject.AppTest" tests="1" failures="0" timestamp="12 Mar 2019 09:28:32 GMT" time="5.738" errors="0">
  <testcase name="getdata" time="5.738" classname="CalculatorAPIProject.AppTest"/>
</testsuite> <!-- CalculatorAPIProject.AppTest -->
